2018-09-07 09:53:37,727 [main] INFO  [c.e.eeeeessssss.EeeeessssssApplication].log - Starting EeeeessssssApplication on WUKN-PC with PID 24824 (D:\worktest\wukainian\eeeeessssss\target\classes started by wukn in D:\worktest\wukainian\eeeeessssss)
2018-09-07 09:53:37,734 [main] INFO  [c.e.eeeeessssss.EeeeessssssApplication].log - No active profile set, falling back to default profiles: default
2018-09-07 09:53:37,809 [main] INFO  [o.s.b.w.s.c.AnnotationConfigServletWebServerApplicationContext].log - Refreshing org.springframework.boot.web.servlet.context.AnnotationConfigServletWebServerApplicationContext@6ad3381f: startup date [Fri Sep 07 09:53:37 CST 2018]; root of context hierarchy
2018-09-07 09:53:38,708 [main] INFO  [o.s.d.r.c.RepositoryConfigurationDelegate].multipleStoresDetected - Multiple Spring Data modules found, entering strict repository configuration mode!
2018-09-07 09:53:38,747 [main] INFO  [o.s.d.r.c.RepositoryConfigurationExtensionSupport].isStrictRepositoryCandidate - Spring Data Elasticsearch - Could not safely identify store assignment for repository candidate interface com.example.eeeeessssss.repository.SkuRepository.
2018-09-07 09:53:38,752 [main] INFO  [o.s.d.r.c.RepositoryConfigurationExtensionSupport].isStrictRepositoryCandidate - Spring Data Elasticsearch - Could not safely identify store assignment for repository candidate interface com.example.eeeeessssss.repository.SpuRepository.
2018-09-07 09:53:38,754 [main] INFO  [o.s.d.r.c.RepositoryConfigurationExtensionSupport].isStrictRepositoryCandidate - Spring Data Elasticsearch - Could not safely identify store assignment for repository candidate interface com.example.eeeeessssss.repository.UserJpa.
2018-09-07 09:53:38,791 [main] INFO  [o.s.d.r.c.RepositoryConfigurationDelegate].multipleStoresDetected - Multiple Spring Data modules found, entering strict repository configuration mode!
2018-09-07 09:53:39,313 [main] INFO  [o.s.c.s.PostProcessorRegistrationDelegate$BeanPostProcessorChecker].log - Bean 'org.springframework.transaction.annotation.ProxyTransactionManagementConfiguration' of type [org.springframework.transaction.annotation.ProxyTransactionManagementConfiguration$$EnhancerBySpringCGLIB$$acdcfdd6] is not eligible for getting processed by all BeanPostProcessors (for example: not eligible for auto-proxying)
2018-09-07 09:53:39,735 [main] INFO  [o.s.b.w.embedded.tomcat.TomcatWebServer].log - Tomcat initialized with port(s): 8081 (http)
2018-09-07 09:53:39,753 [main] INFO  [o.apache.coyote.http11.Http11NioProtocol].log - Initializing ProtocolHandler ["http-nio-8081"]
2018-09-07 09:53:39,764 [main] INFO  [org.apache.catalina.core.StandardService].log - Starting service [Tomcat]
2018-09-07 09:53:39,764 [main] INFO  [org.apache.catalina.core.StandardEngine].log - Starting Servlet Engine: Apache Tomcat/8.5.29
2018-09-07 09:53:39,770 [localhost-startStop-1] INFO  [o.a.catalina.core.AprLifecycleListener].log - Loaded APR based Apache Tomcat Native library [1.2.16] using APR version [1.6.3].
2018-09-07 09:53:39,770 [localhost-startStop-1] INFO  [o.a.catalina.core.AprLifecycleListener].log - APR capabilities: IPv6 [true], sendfile [true], accept filters [false], random [true].
2018-09-07 09:53:39,770 [localhost-startStop-1] INFO  [o.a.catalina.core.AprLifecycleListener].log - APR/OpenSSL configuration: useAprConnector [false], useOpenSSL [true]
2018-09-07 09:53:40,874 [localhost-startStop-1] INFO  [o.a.catalina.core.AprLifecycleListener].log - OpenSSL successfully initialized [OpenSSL 1.0.2m  2 Nov 2017]
2018-09-07 09:53:41,013 [localhost-startStop-1] INFO  [o.a.c.c.C.[Tomcat].[localhost].[/]].log - Initializing Spring embedded WebApplicationContext
2018-09-07 09:53:41,013 [localhost-startStop-1] INFO  [o.s.web.context.ContextLoader].log - Root WebApplicationContext: initialization completed in 3204 ms
2018-09-07 09:53:41,183 [localhost-startStop-1] INFO  [o.s.b.w.servlet.ServletRegistrationBean].log - Servlet dispatcherServlet mapped to [/]
2018-09-07 09:53:41,188 [localhost-startStop-1] INFO  [o.s.b.web.servlet.FilterRegistrationBean].log - Mapping filter: 'characterEncodingFilter' to: [/*]
2018-09-07 09:53:41,188 [localhost-startStop-1] INFO  [o.s.b.web.servlet.FilterRegistrationBean].log - Mapping filter: 'hiddenHttpMethodFilter' to: [/*]
2018-09-07 09:53:41,188 [localhost-startStop-1] INFO  [o.s.b.web.servlet.FilterRegistrationBean].log - Mapping filter: 'httpPutFormContentFilter' to: [/*]
2018-09-07 09:53:41,189 [localhost-startStop-1] INFO  [o.s.b.web.servlet.FilterRegistrationBean].log - Mapping filter: 'requestContextFilter' to: [/*]
2018-09-07 09:53:41,566 [main] INFO  [o.s.o.j.LocalContainerEntityManagerFactoryBean].log - Building JPA container EntityManagerFactory for persistence unit 'default'
2018-09-07 09:53:42,001 [main] INFO  [com.zaxxer.hikari.HikariDataSource].getConnection - HikariPool-1 - Starting...
2018-09-07 09:53:42,210 [main] INFO  [com.zaxxer.hikari.HikariDataSource].getConnection - HikariPool-1 - Start completed.
2018-09-07 09:53:44,180 [main] INFO  [o.s.o.j.LocalContainerEntityManagerFactoryBean].log - Initialized JPA EntityManagerFactory for persistence unit 'default'
2018-09-07 09:53:48,035 [main] INFO  [o.s.w.s.handler.SimpleUrlHandlerMapping].log - Mapped URL path [/**/favicon.ico] onto handler of type [class org.springframework.web.servlet.resource.ResourceHttpRequestHandler]
2018-09-07 09:53:48,339 [main] INFO  [o.s.w.s.m.m.a.RequestMappingHandlerAdapter].log - Looking for @ControllerAdvice: org.springframework.boot.web.servlet.context.AnnotationConfigServletWebServerApplicationContext@6ad3381f: startup date [Fri Sep 07 09:53:37 CST 2018]; root of context hierarchy
2018-09-07 09:53:48,386 [main] WARN  [o.s.b.a.o.j.JpaBaseConfiguration$JpaWebConfiguration$JpaWebMvcConfiguration].log - spring.jpa.open-in-view is enabled by default. Therefore, database queries may be performed during view rendering. Explicitly configure spring.jpa.open-in-view to disable this warning
2018-09-07 09:53:48,431 [main] INFO  [o.s.w.s.m.m.a.RequestMappingHandlerMapping].log - Mapped "{[/es/update],methods=[GET]}" onto public java.lang.String com.example.eeeeessssss.controller.EsIndexController.updateIndex(java.lang.String,java.lang.String,java.lang.String,com.example.eeeeessssss.pojo.User) throws java.lang.Exception
2018-09-07 09:53:48,433 [main] INFO  [o.s.w.s.m.m.a.RequestMappingHandlerMapping].log - Mapped "{[/es/delete],methods=[GET]}" onto public com.example.eeeeessssss.response.ResultClient com.example.eeeeessssss.controller.EsIndexController.deleteIndex(java.lang.String) throws java.lang.Exception
2018-09-07 09:53:48,434 [main] INFO  [o.s.w.s.m.m.a.RequestMappingHandlerMapping].log - Mapped "{[/es/query],methods=[GET]}" onto public java.util.Map<java.lang.String, java.lang.Object> com.example.eeeeessssss.controller.EsIndexController.queryIndex(java.lang.String,java.lang.String,java.lang.String) throws java.lang.Exception
2018-09-07 09:53:48,434 [main] INFO  [o.s.w.s.m.m.a.RequestMappingHandlerMapping].log - Mapped "{[/es/build],methods=[GET]}" onto public java.lang.String com.example.eeeeessssss.controller.EsIndexController.buildIndex(java.lang.String) throws java.lang.Exception
2018-09-07 09:53:48,435 [main] INFO  [o.s.w.s.m.m.a.RequestMappingHandlerMapping].log - Mapped "{[/es/save],methods=[GET]}" onto private com.example.eeeeessssss.response.ResultClient com.example.eeeeessssss.controller.EsIndexController.esSave(java.lang.String,java.lang.String) throws java.lang.Exception
2018-09-07 09:53:48,436 [main] INFO  [o.s.w.s.m.m.a.RequestMappingHandlerMapping].log - Mapped "{[/query/all],methods=[GET]}" onto public com.example.eeeeessssss.response.ResultClient com.example.eeeeessssss.controller.EsQueryController.queryAll(java.lang.String)
2018-09-07 09:53:48,437 [main] INFO  [o.s.w.s.m.m.a.RequestMappingHandlerMapping].log - Mapped "{[/sku/find/all],methods=[POST]}" onto public com.example.eeeeessssss.response.ResultClient com.example.eeeeessssss.controller.SkuController.findAll()
2018-09-07 09:53:48,438 [main] INFO  [o.s.w.s.m.m.a.RequestMappingHandlerMapping].log - Mapped "{[/spu/selsct/all],methods=[POST]}" onto public com.example.eeeeessssss.response.ResultClient com.example.eeeeessssss.controller.SpuController.findAllSpu()
2018-09-07 09:53:48,440 [main] INFO  [o.s.w.s.m.m.a.RequestMappingHandlerMapping].log - Mapped "{[/user/findsex],methods=[POST]}" onto public com.example.eeeeessssss.response.ResultClient com.example.eeeeessssss.controller.UserController.findBySex(int)
2018-09-07 09:53:48,440 [main] INFO  [o.s.w.s.m.m.a.RequestMappingHandlerMapping].log - Mapped "{[/user/find],methods=[POST]}" onto public com.example.eeeeessssss.response.ResultClient com.example.eeeeessssss.controller.UserController.findUserby(java.lang.String)
2018-09-07 09:53:48,441 [main] INFO  [o.s.w.s.m.m.a.RequestMappingHandlerMapping].log - Mapped "{[/user/es],methods=[POST]}" onto public com.example.eeeeessssss.response.ResultClient com.example.eeeeessssss.controller.UserController.findSex(int)
2018-09-07 09:53:48,443 [main] INFO  [o.s.w.s.m.m.a.RequestMappingHandlerMapping].log - Mapped "{[/error]}" onto public org.springframework.http.ResponseEntity<java.util.Map<java.lang.String, java.lang.Object>> org.springframework.boot.autoconfigure.web.servlet.error.BasicErrorController.error(javax.servlet.http.HttpServletRequest)
2018-09-07 09:53:48,443 [main] INFO  [o.s.w.s.m.m.a.RequestMappingHandlerMapping].log - Mapped "{[/error],produces=[text/html]}" onto public org.springframework.web.servlet.ModelAndView org.springframework.boot.autoconfigure.web.servlet.error.BasicErrorController.errorHtml(javax.servlet.http.HttpServletRequest,javax.servlet.http.HttpServletResponse)
2018-09-07 09:53:48,485 [main] INFO  [o.s.w.s.handler.SimpleUrlHandlerMapping].log - Mapped URL path [/webjars/**] onto handler of type [class org.springframework.web.servlet.resource.ResourceHttpRequestHandler]
2018-09-07 09:53:48,486 [main] INFO  [o.s.w.s.handler.SimpleUrlHandlerMapping].log - Mapped URL path [/**] onto handler of type [class org.springframework.web.servlet.resource.ResourceHttpRequestHandler]
2018-09-07 09:53:48,889 [main] INFO  [o.s.j.e.a.AnnotationMBeanExporter].log - Registering beans for JMX exposure on startup
2018-09-07 09:53:48,891 [main] INFO  [o.s.j.e.a.AnnotationMBeanExporter].log - Bean with name 'dataSource' has been autodetected for JMX exposure
2018-09-07 09:53:48,897 [main] INFO  [o.s.j.e.a.AnnotationMBeanExporter].log - Located MBean 'dataSource': registering with JMX server as MBean [com.zaxxer.hikari:name=dataSource,type=HikariDataSource]
2018-09-07 09:53:48,910 [main] INFO  [o.apache.coyote.http11.Http11NioProtocol].log - Starting ProtocolHandler ["http-nio-8081"]
2018-09-07 09:53:48,912 [main] INFO  [o.apache.tomcat.util.net.NioSelectorPool].log - Using a shared selector for servlet write/read
2018-09-07 09:53:48,934 [main] INFO  [o.s.b.w.embedded.tomcat.TomcatWebServer].log - Tomcat started on port(s): 8081 (http) with context path ''
2018-09-07 09:53:48,938 [main] INFO  [c.e.eeeeessssss.EeeeessssssApplication].log - Started EeeeessssssApplication in 12.129 seconds (JVM running for 13.817)
